<?xml version="1.0" encoding="UTF-8"?>
<testsuite name="lab3.MD5Test" tests="1" skipped="0" failures="0" errors="0" timestamp="2020-06-05T16:03:46" hostname="WIN-IJ6BLPP633L" time="0.012">
  <properties/>
  <testcase name="testHash()" classname="lab3.MD5Test" time="0.012"/>
  <system-out><![CDATA[]]></system-out>
  <system-err><![CDATA[]]></system-err>
</testsuite>
