<?xml version="1.0" encoding="UTF-8"?>
<testsuite name="Lab1.MongometryTest" tests="2" skipped="0" failures="0" errors="0" timestamp="2020-06-05T15:18:38" hostname="WIN-IJ6BLPP633L" time="1.403">
  <properties/>
  <testcase name="testMontgomeryPow()" classname="Lab1.MongometryTest" time="1.395"/>
  <testcase name="testMontgomeryMultiply()" classname="Lab1.MongometryTest" time="0.006"/>
  <system-out><![CDATA[]]></system-out>
  <system-err><![CDATA[]]></system-err>
</testsuite>
