<?xml version="1.0" encoding="UTF-8"?>
<testsuite name="Lab1.BinModPowTest" tests="1" skipped="0" failures="0" errors="0" timestamp="2020-06-02T23:33:47" hostname="WIN-IJ6BLPP633L" time="0.088">
  <properties/>
  <testcase name="testBinModPow()" classname="Lab1.BinModPowTest" time="0.088"/>
  <system-out><![CDATA[]]></system-out>
  <system-err><![CDATA[]]></system-err>
</testsuite>
