<?xml version="1.0" encoding="UTF-8"?>
<testsuite name="Lab1.FermaTest" tests="1" skipped="0" failures="0" errors="0" timestamp="2020-06-02T23:33:47" hostname="WIN-IJ6BLPP633L" time="0.356">
  <properties/>
  <testcase name="testFerma()" classname="Lab1.FermaTest" time="0.356"/>
  <system-out><![CDATA[]]></system-out>
  <system-err><![CDATA[]]></system-err>
</testsuite>
