<?xml version="1.0" encoding="UTF-8"?>
<testsuite name="Lab1.ExtendedGCDTest" tests="1" skipped="0" failures="0" errors="0" timestamp="2020-06-05T15:18:36" hostname="WIN-IJ6BLPP633L" time="0.002">
  <properties/>
  <testcase name="textExtendedGCD()" classname="Lab1.ExtendedGCDTest" time="0.002"/>
  <system-out><![CDATA[]]></system-out>
  <system-err><![CDATA[]]></system-err>
</testsuite>
